<?xml version="1.0" encoding="UTF-8"?>
<testsuite xmlns:xsi="http://www.w3.org/2001/XMLSchema-instance" xsi:noNamespaceSchemaLocation="https://maven.apache.org/surefire/maven-surefire-plugin/xsd/surefire-test-report-3.0.xsd" version="3.0" name="com.microservices.product.ProductServiceApplicationTests" time="21.362" tests="1" errors="0" skipped="0" failures="0">
  <properties>
[...]
</properties>
  <testcase name="contextLoads" classname="com.microservices.product.ProductServiceApplicationTests" time="1.782">
    <system-out><![CDATA[17:31:55.823 [main] INFO org.springframework.test.context.support.AnnotationConfigContextLoaderUtils -- Could not detect default configuration classes for test class [com.microservices.product.ProductServiceApplicationTests]: ProductServiceApplicationTests does not declare any static, non-private, non-final, nested classes annotated with @Configuration.
17:31:56.048 [main] INFO org.springframework.boot.test.context.SpringBootTestContextBootstrapper -- Found @SpringBootConfiguration com.microservices.product.ProductServiceApplication for test class com.microservices.product.ProductServiceApplicationTests

  .   ____          _            __ _ _
 /\\ / ___'_ __ _ _(_)_ __  __ _ \ \ \ \
( ( )\___ | '_ | '_| | '_ \/ _` | \ \ \ \
 \\/  ___)| |_)| | | | | || (_| |  ) ) ) )
  '  |____| .__|_| |_|_| |_\__, | / / / /
 =========|_|==============|___/=/_/_/_/
 :: Spring Boot ::                (v3.2.0)

17:31:57.429 [background-preinit] INFO  o.h.validator.internal.util.Version - HV000001: Hibernate Validator 8.0.1.Final
17:31:57.487 [main] INFO  c.m.p.ProductServiceApplicationTests - Starting ProductServiceApplicationTests using Java 17.0.18 with PID 16084 (started by LENOVO in C:\Users\LENOVO\IdeaProjects\Microservices-Final\product-service)
17:31:57.488 [main] DEBUG c.m.p.ProductServiceApplicationTests - Running with Spring Boot v3.2.0, Spring v6.1.1
17:31:57.489 [main] INFO  c.m.p.ProductServiceApplicationTests - The following 1 profile is active: "dev"
17:32:00.047 [main] INFO  o.s.d.r.c.RepositoryConfigurationDelegate - Multiple Spring Data modules found, entering strict repository configuration mode
17:32:00.051 [main] INFO  o.s.d.r.c.RepositoryConfigurationDelegate - Bootstrapping Spring Data JPA repositories in DEFAULT mode.
17:32:00.436 [main] INFO  o.s.d.r.c.RepositoryConfigurationDelegate - Finished Spring Data repository scanning in 367 ms. Found 1 JPA repository interface.
17:32:00.473 [main] INFO  o.s.d.r.c.RepositoryConfigurationDelegate - Multiple Spring Data modules found, entering strict repository configuration mode
17:32:00.476 [main] INFO  o.s.d.r.c.RepositoryConfigurationDelegate - Bootstrapping Spring Data Redis repositories in DEFAULT mode.
17:32:00.513 [main] INFO  o.s.d.r.c.RepositoryConfigurationExtensionSupport - Spring Data Redis - Could not safely identify store assignment for repository candidate interface com.microservices.product.repository.ProductRepository; If you want this repository to be a Redis repository, consider annotating your entities with one of these annotations: org.springframework.data.redis.core.RedisHash (preferred), or consider extending one of the following types with your repository: org.springframework.data.keyvalue.repository.KeyValueRepository
17:32:00.513 [main] INFO  o.s.d.r.c.RepositoryConfigurationDelegate - Finished Spring Data repository scanning in 13 ms. Found 0 Redis repository interfaces.
17:32:03.237 [main] INFO  o.h.jpa.internal.util.LogHelper - HHH000204: Processing PersistenceUnitInfo [name: default]
17:32:03.409 [main] INFO  org.hibernate.Version - HHH000412: Hibernate ORM core version 6.3.1.Final
17:32:03.513 [main] INFO  o.h.c.i.RegionFactoryInitiator - HHH000026: Second-level cache disabled
17:32:04.604 [main] INFO  o.s.o.j.p.SpringPersistenceUnitInfo - No LoadTimeWeaver setup: ignoring JPA class transformer
17:32:04.716 [main] INFO  com.zaxxer.hikari.HikariDataSource - HikariPool-1 - Starting...
17:32:05.146 [main] INFO  com.zaxxer.hikari.pool.HikariPool - HikariPool-1 - Added connection org.postgresql.jdbc.PgConnection@10553a61
17:32:05.151 [main] INFO  com.zaxxer.hikari.HikariDataSource - HikariPool-1 - Start completed.
17:32:05.256 [main] WARN  org.hibernate.orm.deprecation - HHH90000025: PostgreSQLDialect does not need to be specified explicitly using 'hibernate.dialect' (remove the property setting and it will be selected by default)
17:32:07.357 [main] INFO  o.h.e.t.j.p.i.JtaPlatformInitiator - HHH000489: No JTA platform available (set 'hibernate.transaction.jta.platform' to enable JTA platform integration)
Hibernate: create table products (id bigserial not null, created_at timestamp(6) not null, description varchar(255), name varchar(255) not null, price numeric(10,2) not null, stock integer not null, updated_at timestamp(6), primary key (id))
17:32:07.560 [main] INFO  o.s.o.j.LocalContainerEntityManagerFactoryBean - Initialized JPA EntityManagerFactory for persistence unit 'default'
17:32:08.379 [main] INFO  o.s.d.j.r.query.QueryEnhancerFactory - Hibernate is in classpath; If applicable, HQL parser will be used.
17:32:09.457 [main] WARN  o.s.b.a.o.j.JpaBaseConfiguration$JpaWebConfiguration - spring.jpa.open-in-view is enabled by default. Therefore, database queries may be performed during view rendering. Explicitly configure spring.jpa.open-in-view to disable this warning
17:32:10.925 [main] INFO  o.s.b.a.e.web.EndpointLinksResolver - Exposing 1 endpoint(s) beneath base path '/actuator'
17:32:11.391 [main] INFO  o.s.s.web.DefaultSecurityFilterChain - Will secure any request with [org.springframework.security.web.session.DisableEncodeUrlFilter@6760a91d, org.springframework.security.web.context.request.async.WebAsyncManagerIntegrationFilter@7953699e, org.springframework.security.web.context.SecurityContextHolderFilter@4ea4e0f3, org.springframework.security.web.header.HeaderWriterFilter@d0c35a8, org.springframework.web.filter.CorsFilter@7de922ba, org.springframework.security.web.authentication.logout.LogoutFilter@6ab36cee, org.springframework.security.oauth2.server.resource.web.authentication.BearerTokenAuthenticationFilter@263fc5f3, org.springframework.security.web.savedrequest.RequestCacheAwareFilter@12e4c6a0, org.springframework.security.web.servletapi.SecurityContextHolderAwareRequestFilter@41019971, org.springframework.security.web.authentication.AnonymousAuthenticationFilter@4644f3d4, org.springframework.security.web.access.ExceptionTranslationFilter@72ce2982, org.springframework.security.web.access.intercept.AuthorizationFilter@3095a6e0]
17:32:14.565 [main] INFO  c.m.p.ProductServiceApplicationTests - Started ProductServiceApplicationTests in 18.154 seconds (process running for 20.55)
]]></system-out>
  </testcase>
</testsuite>